<?xml version="1.0" encoding="UTF-8"?>
<!-- Generated by org.testng.reporters.JUnitReportReporter -->
<testsuite hostname="DESKTOP-LQSVVBR" failures="0" tests="1" name="parallel.FailedRun" time="13.273" errors="0" timestamp="15 Jun 2023 12:53:05 GMT" skipped="0">
  <testcase classname="parallel.FailedRun" name="runScenario" time="13.273"/>
</testsuite> <!-- parallel.FailedRun -->
