<?xml version="1.0" encoding="UTF-8"?>
<!-- Generated by org.testng.reporters.JUnitReportReporter -->
<testsuite hostname="DESKTOP-LQSVVBR" failures="0" tests="5" name="parallel.ParallelRunner" time="125.590" errors="0" timestamp="03 Jul 2023 09:05:09 GMT" skipped="0">
  <testcase classname="parallel.ParallelRunner" name="runScenario" time="25.732"/>
  <testcase classname="parallel.ParallelRunner" name="runScenario" time="26.456"/>
  <testcase classname="parallel.ParallelRunner" name="runScenario" time="26.370"/>
  <testcase classname="parallel.ParallelRunner" name="runScenario" time="24.226"/>
  <testcase classname="parallel.ParallelRunner" name="runScenario" time="22.806"/>
</testsuite> <!-- parallel.ParallelRunner -->
