<?xml version="1.0" encoding="UTF-8"?>
<!-- Generated by org.testng.reporters.JUnitReportReporter -->
<testsuite hostname="DESKTOP-LQSVVBR" failures="0" tests="7" name="parallel.ParallelRunner" time="373.140" errors="0" timestamp="15 Jun 2023 06:26:30 GMT" skipped="0">
  <testcase classname="parallel.ParallelRunner" name="runScenario" time="53.567"/>
  <testcase classname="parallel.ParallelRunner" name="runScenario" time="53.631"/>
  <testcase classname="parallel.ParallelRunner" name="runScenario" time="53.142"/>
  <testcase classname="parallel.ParallelRunner" name="runScenario" time="53.307"/>
  <testcase classname="parallel.ParallelRunner" name="runScenario" time="53.660"/>
  <testcase classname="parallel.ParallelRunner" name="runScenario" time="52.711"/>
  <testcase classname="parallel.ParallelRunner" name="runScenario" time="53.122"/>
</testsuite> <!-- parallel.ParallelRunner -->
